<?xml version="1.0" encoding="UTF-8"?>
<!-- Generated by org.testng.reporters.JUnitXMLReporter -->
<testsuite ignored="2" hostname="DESKTOP-HMIMJNE" failures="0" tests="3" name="GroupingTest" time="0.071" errors="0" timestamp="2024-10-07T16:01:12 IST">
  <testcase classname="TestNg.LogoutpageTest" name="AdmissionLogoutPage" time="0.011"/>
  <testcase classname="TestNg.RegisterTest" name="AdmissionLoginReg" time="0.001"/>
  <testcase classname="TestNg.LoginpageTest" name="AdmissionLoginPage" time="0.004"/>
  <testcase classname="TestNg.RegisterTest" name="AdmissionLogin" time="0.0">
    <ignored/>
  </testcase> <!-- AdmissionLogin -->
  <testcase classname="TestNg.LoginpageTest" name="PlacementLoginPage" time="0.0">
    <ignored/>
  </testcase> <!-- PlacementLoginPage -->
</testsuite> <!-- GroupingTest -->
