<?xml version="1.0" encoding="UTF-8"?>
<!-- Generated by org.testng.reporters.JUnitXMLReporter -->
<testsuite ignored="0" hostname="DESKTOP-HMIMJNE" failures="0" tests="3" name="Prod Env Test" time="0.093" errors="0" timestamp="2024-10-07T15:38:47 IST">
  <testcase classname="prodenv.LoginTest" name="loginprodtest" time="0.016"/>
  <testcase classname="prodenv.RegiTest" name="regprodtest" time="0.003"/>
  <testcase classname="prodenv.LogoutTest" name="logoutprodtest" time="0.005"/>
</testsuite> <!-- Prod Env Test -->
