<?xml version="1.0" encoding="UTF-8"?>
<!-- Generated by org.testng.reporters.JUnitXMLReporter -->
<testsuite ignored="0" hostname="DESKTOP-HMIMJNE" failures="0" tests="3" name="Test" time="0.078" errors="0" timestamp="2024-10-07T15:39:11 IST">
  <testcase classname="uatenv.LogoutUATTest" name="logoutUATtest" time="0.017"/>
  <testcase classname="uatenv.LoginUATTest" name="loginUATtest" time="0.003"/>
  <testcase classname="uatenv.RegUATTest" name="RegUATtest" time="0.004"/>
</testsuite> <!-- Test -->
