<?xml version="1.0" encoding="UTF-8"?>
<!-- Generated by org.testng.reporters.JUnitXMLReporter -->
<testsuite ignored="0" hostname="DESKTOP-HMIMJNE" failures="0" tests="3" name="groupingTest" time="0.138" errors="0" timestamp="2024-10-06T23:12:08 IST">
  <testcase classname="TestNg.groupingTest" name="Test1" time="0.036"/>
  <testcase classname="TestNg.groupingTest" name="Test2" time="0.018"/>
  <testcase classname="TestNg.groupingTest" name="Test3" time="0.007"/>
</testsuite> <!-- groupingTest -->
